<?xml version="1.0" encoding="UTF-8"?>
<testng-results skipped="0" failed="0" total="1" passed="1">
  <reporter-output>
  </reporter-output>
  <suite name="Suite" duration-ms="7510" started-at="2020-02-25T10:20:00Z" finished-at="2020-02-25T10:20:08Z">
    <groups>
    </groups>
    <test name="Test" duration-ms="7510" started-at="2020-02-25T10:20:00Z" finished-at="2020-02-25T10:20:08Z">
      <class name="com.qa.amazon.test.login_Amazon">
        <test-method status="PASS" signature="setup()[pri:0, instance:com.qa.amazon.test.login_Amazon@212bf671]" name="setup" is-config="true" duration-ms="7484" started-at="2020-02-25T15:50:00Z" finished-at="2020-02-25T15:50:08Z">
          <reporter-output>
          </reporter-output>
        </test-method> <!-- setup -->
        <test-method status="PASS" signature="Login()[pri:0, instance:com.qa.amazon.test.login_Amazon@212bf671]" name="Login" duration-ms="6" started-at="2020-02-25T15:50:08Z" finished-at="2020-02-25T15:50:08Z">
          <reporter-output>
          </reporter-output>
        </test-method> <!-- Login -->
      </class> <!-- com.qa.amazon.test.login_Amazon -->
    </test> <!-- Test -->
  </suite> <!-- Suite -->
</testng-results>
